<?xml version="1.0" encoding="UTF-8"?>
<coverage generated="1491572205630" clover="3.2.0">
  <project timestamp="1491572205630" name="All files">
    <metrics statements="28" coveredstatements="24" conditionals="4" coveredconditionals="4" methods="12" coveredmethods="8" elements="44" coveredelements="36" complexity="0" loc="28" ncloc="28" packages="1" files="3" classes="3">
      <file name="App.js" path="/Users/anna/Desktop/url_shortener_anna_beddow/src/components/App.js">
        <metrics statements="3" coveredstatements="1" conditionals="0" coveredconditionals="0" methods="3" coveredmethods="1"/>
        <line num="16" count="0" type="stmt"/>
        <line num="18" count="0" type="stmt"/>
        <line num="26" count="1" type="stmt"/>
      </file>
      <file name="Header.js" path="/Users/anna/Desktop/url_shortener_anna_beddow/src/components/Header.js">
        <metrics statements="4" coveredstatements="3" conditionals="0" coveredconditionals="0" methods="1" coveredmethods="0"/>
        <line num="3" count="1" type="stmt"/>
        <line num="4" count="0" type="stmt"/>
        <line num="11" count="1" type="stmt"/>
        <line num="15" count="1" type="stmt"/>
      </file>
      <file name="UrlForm.js" path="/Users/anna/Desktop/url_shortener_anna_beddow/src/components/UrlForm.js">
        <metrics statements="21" coveredstatements="20" conditionals="4" coveredconditionals="4" methods="8" coveredmethods="7"/>
        <line num="7" count="8" type="stmt"/>
        <line num="8" count="8" type="stmt"/>
        <line num="9" count="8" type="stmt"/>
        <line num="10" count="8" type="stmt"/>
        <line num="12" count="8" type="stmt"/>
        <line num="21" count="4" type="stmt"/>
        <line num="22" count="4" type="cond" truecount="2" falsecount="0"/>
        <line num="23" count="2" type="stmt"/>
        <line num="29" count="2" type="stmt"/>
        <line num="30" count="2" type="stmt"/>
        <line num="32" count="2" type="stmt"/>
        <line num="33" count="2" type="stmt"/>
        <line num="38" count="2" type="stmt"/>
        <line num="42" count="2" type="stmt"/>
        <line num="43" count="2" type="stmt"/>
        <line num="46" count="0" type="stmt"/>
        <line num="51" count="2" type="stmt"/>
        <line num="56" count="1" type="stmt"/>
        <line num="57" count="1" type="stmt"/>
        <line num="63" count="5" type="stmt"/>
        <line num="68" count="18" type="stmt"/>
      </file>
    </metrics>
  </project>
</coverage>
