{"/Users/anna/Desktop/url_shortener_anna_beddow/src/components/App.js": {"path":"/Users/anna/Desktop/url_shortener_anna_beddow/src/components/App.js","statementMap":{"0":{"start":{"line":16,"column":4},"end":{"line":22,"column":26}},"1":{"start":{"line":18,"column":6},"end":{"line":20,"column":9}},"2":{"start":{"line":26,"column":4},"end":{"line":34,"column":6}},"3":{"start":{"line":38,"column":0},"end":{"line":40,"column":2}}},"fnMap":{"0":{"name":"(anonymous_0)","decl":{"start":{"line":15,"column":2},"end":{"line":15,"column":3}},"loc":{"start":{"line":15,"column":21},"end":{"line":23,"column":3}},"line":15},"1":{"name":"(anonymous_1)","decl":{"start":{"line":17,"column":10},"end":{"line":17,"column":11}},"loc":{"start":{"line":17,"column":22},"end":{"line":21,"column":5}},"line":17},"2":{"name":"(anonymous_2)","decl":{"start":{"line":25,"column":2},"end":{"line":25,"column":3}},"loc":{"start":{"line":25,"column":12},"end":{"line":35,"column":3}},"line":25}},"branchMap":{},"s":{"0":0,"1":0,"2":1,"3":1},"f":{"0":0,"1":0,"2":1},"b":{},"_coverageSchema":"332fd63041d2c1bcb487cc26dd0d5f7d97098a6c","hash":"853693c6f2ada0485f4101300f52ec7e90a0a9e7"}
,"/Users/anna/Desktop/url_shortener_anna_beddow/src/components/Header.js": {"path":"/Users/anna/Desktop/url_shortener_anna_beddow/src/components/Header.js","statementMap":{"0":{"start":{"line":3,"column":15},"end":{"line":9,"column":1}},"1":{"start":{"line":4,"column":2},"end":{"line":8,"column":4}},"2":{"start":{"line":11,"column":0},"end":{"line":13,"column":2}},"3":{"start":{"line":15,"column":0},"end":{"line":17,"column":2}}},"fnMap":{"0":{"name":"(anonymous_0)","decl":{"start":{"line":3,"column":15},"end":{"line":3,"column":16}},"loc":{"start":{"line":3,"column":32},"end":{"line":9,"column":1}},"line":3}},"branchMap":{},"s":{"0":1,"1":0,"2":1,"3":1},"f":{"0":0},"b":{},"_coverageSchema":"332fd63041d2c1bcb487cc26dd0d5f7d97098a6c","hash":"bf41d3d66ed29dc2b3d270479fddd85b9c720d70"}
,"/Users/anna/Desktop/url_shortener_anna_beddow/src/components/UrlForm.js": {"path":"/Users/anna/Desktop/url_shortener_anna_beddow/src/components/UrlForm.js","statementMap":{"0":{"start":{"line":7,"column":4},"end":{"line":7,"column":17}},"1":{"start":{"line":8,"column":4},"end":{"line":8,"column":53}},"2":{"start":{"line":9,"column":4},"end":{"line":9,"column":53}},"3":{"start":{"line":10,"column":4},"end":{"line":10,"column":67}},"4":{"start":{"line":12,"column":4},"end":{"line":17,"column":6}},"5":{"start":{"line":21,"column":4},"end":{"line":21,"column":23}},"6":{"start":{"line":22,"column":4},"end":{"line":31,"column":5}},"7":{"start":{"line":23,"column":6},"end":{"line":28,"column":9}},"8":{"start":{"line":29,"column":6},"end":{"line":29,"column":36}},"9":{"start":{"line":30,"column":6},"end":{"line":30,"column":13}},"10":{"start":{"line":32,"column":4},"end":{"line":32,"column":31}},"11":{"start":{"line":33,"column":4},"end":{"line":37,"column":7}},"12":{"start":{"line":38,"column":4},"end":{"line":38,"column":34}},"13":{"start":{"line":42,"column":15},"end":{"line":42,"column":19}},"14":{"start":{"line":43,"column":4},"end":{"line":52,"column":7}},"15":{"start":{"line":46,"column":6},"end":{"line":48,"column":28}},"16":{"start":{"line":51,"column":6},"end":{"line":51,"column":32}},"17":{"start":{"line":56,"column":24},"end":{"line":56,"column":66}},"18":{"start":{"line":57,"column":4},"end":{"line":59,"column":7}},"19":{"start":{"line":63,"column":4},"end":{"line":64,"column":6}},"20":{"start":{"line":68,"column":4},"end":{"line":82,"column":6}}},"fnMap":{"0":{"name":"(anonymous_0)","decl":{"start":{"line":6,"column":2},"end":{"line":6,"column":3}},"loc":{"start":{"line":6,"column":21},"end":{"line":18,"column":3}},"line":6},"1":{"name":"(anonymous_1)","decl":{"start":{"line":20,"column":2},"end":{"line":20,"column":3}},"loc":{"start":{"line":20,"column":18},"end":{"line":39,"column":3}},"line":20},"2":{"name":"(anonymous_2)","decl":{"start":{"line":41,"column":2},"end":{"line":41,"column":3}},"loc":{"start":{"line":41,"column":23},"end":{"line":53,"column":3}},"line":41},"3":{"name":"(anonymous_3)","decl":{"start":{"line":45,"column":10},"end":{"line":45,"column":11}},"loc":{"start":{"line":45,"column":22},"end":{"line":49,"column":5}},"line":45},"4":{"name":"(anonymous_4)","decl":{"start":{"line":50,"column":11},"end":{"line":50,"column":12}},"loc":{"start":{"line":50,"column":26},"end":{"line":52,"column":5}},"line":50},"5":{"name":"(anonymous_5)","decl":{"start":{"line":55,"column":2},"end":{"line":55,"column":3}},"loc":{"start":{"line":55,"column":17},"end":{"line":60,"column":3}},"line":55},"6":{"name":"(anonymous_6)","decl":{"start":{"line":62,"column":2},"end":{"line":62,"column":3}},"loc":{"start":{"line":62,"column":18},"end":{"line":65,"column":3}},"line":62},"7":{"name":"(anonymous_7)","decl":{"start":{"line":67,"column":2},"end":{"line":67,"column":3}},"loc":{"start":{"line":67,"column":11},"end":{"line":83,"column":3}},"line":67}},"branchMap":{"0":{"loc":{"start":{"line":22,"column":4},"end":{"line":31,"column":5}},"type":"if","locations":[{"start":{"line":22,"column":4},"end":{"line":31,"column":5}},{"start":{"line":22,"column":4},"end":{"line":31,"column":5}}],"line":22},"1":{"loc":{"start":{"line":79,"column":7},"end":{"line":79,"column":107}},"type":"cond-expr","locations":[{"start":{"line":79,"column":40},"end":{"line":79,"column":81}},{"start":{"line":79,"column":84},"end":{"line":79,"column":107}}],"line":79}},"s":{"0":0,"1":0,"2":0,"3":0,"4":0,"5":0,"6":0,"7":0,"8":0,"9":0,"10":0,"11":0,"12":0,"13":0,"14":0,"15":0,"16":0,"17":0,"18":0,"19":0,"20":0},"f":{"0":0,"1":0,"2":0,"3":0,"4":0,"5":0,"6":0,"7":0},"b":{"0":[0,0],"1":[0,0]},"_coverageSchema":"332fd63041d2c1bcb487cc26dd0d5f7d97098a6c","hash":"dd2b260f0e8457ede8e8efe4ad7168e7010760bf"}
}
