TN:
SF:/Users/anna/Desktop/url_shortener_anna_beddow/src/components/App.js
FN:15,(anonymous_0)
FN:17,(anonymous_1)
FN:25,(anonymous_2)
FNF:3
FNH:1
FNDA:0,(anonymous_0)
FNDA:0,(anonymous_1)
FNDA:1,(anonymous_2)
DA:16,0
DA:18,0
DA:26,1
LF:3
LH:1
BRF:0
BRH:0
end_of_record
TN:
SF:/Users/anna/Desktop/url_shortener_anna_beddow/src/components/Header.js
FN:3,(anonymous_0)
FNF:1
FNH:0
FNDA:0,(anonymous_0)
DA:3,1
DA:4,0
DA:11,1
DA:15,1
LF:4
LH:3
BRF:0
BRH:0
end_of_record
TN:
SF:/Users/anna/Desktop/url_shortener_anna_beddow/src/components/UrlForm.js
FN:6,(anonymous_0)
FN:20,(anonymous_1)
FN:41,(anonymous_2)
FN:45,(anonymous_3)
FN:50,(anonymous_4)
FN:55,(anonymous_5)
FN:62,(anonymous_6)
FN:67,(anonymous_7)
FNF:8
FNH:7
FNDA:8,(anonymous_0)
FNDA:4,(anonymous_1)
FNDA:2,(anonymous_2)
FNDA:0,(anonymous_3)
FNDA:2,(anonymous_4)
FNDA:1,(anonymous_5)
FNDA:5,(anonymous_6)
FNDA:18,(anonymous_7)
DA:7,8
DA:8,8
DA:9,8
DA:10,8
DA:12,8
DA:21,4
DA:22,4
DA:23,2
DA:29,2
DA:30,2
DA:32,2
DA:33,2
DA:38,2
DA:42,2
DA:43,2
DA:46,0
DA:51,2
DA:56,1
DA:57,1
DA:63,5
DA:68,18
LF:21
LH:20
BRDA:22,0,0,2
BRDA:22,0,1,2
BRDA:79,1,0,3
BRDA:79,1,1,15
BRF:4
BRH:4
end_of_record
